<?xml version="1.0" encoding="UTF-8"?>
<!-- Generated by org.testng.reporters.JUnitReportReporter -->
<testsuite skipped="0" hostname="DESKTOP-GK3C54G" name="Test_JIRA.Jira_Test" tests="1" failures="0" timestamp="25 ноя 2018 15:57:05 GMT" time="11.401" errors="0">
  <testcase name="testApp" time="11.401" classname="Test_JIRA.Jira_Test"/>
</testsuite> <!-- Test_JIRA.Jira_Test -->
