<?xml version="1.0" encoding="UTF-8"?>
<!-- Generated by org.testng.reporters.JUnitReportReporter -->
<testsuite skipped="0" hostname="DESKTOP-GK3C54G" name="Google_maps.Create_And_Delete_Test" tests="1" failures="0" timestamp="25 ноя 2018 15:57:05 GMT" time="0.937" errors="0">
  <testcase name="Test" time="0.937" classname="Google_maps.Create_And_Delete_Test"/>
</testsuite> <!-- Google_maps.Create_And_Delete_Test -->
